/home/bcc/caiofcas/.local/lib/python3.7/site-packages/tensorboard/compat/tensorflow_stub/dtypes.py:541: FutureWarning: Passing (type, 1) or '1type' as a synonym of type is deprecated; in a future version of numpy, it will be understood as (type, (1,)) / '(1,)type'.
  _np_qint8 = np.dtype([("qint8", np.int8, 1)])
/home/bcc/caiofcas/.local/lib/python3.7/site-packages/tensorboard/compat/tensorflow_stub/dtypes.py:542: FutureWarning: Passing (type, 1) or '1type' as a synonym of type is deprecated; in a future version of numpy, it will be understood as (type, (1,)) / '(1,)type'.
  _np_quint8 = np.dtype([("quint8", np.uint8, 1)])
/home/bcc/caiofcas/.local/lib/python3.7/site-packages/tensorboard/compat/tensorflow_stub/dtypes.py:543: FutureWarning: Passing (type, 1) or '1type' as a synonym of type is deprecated; in a future version of numpy, it will be understood as (type, (1,)) / '(1,)type'.
  _np_qint16 = np.dtype([("qint16", np.int16, 1)])
/home/bcc/caiofcas/.local/lib/python3.7/site-packages/tensorboard/compat/tensorflow_stub/dtypes.py:544: FutureWarning: Passing (type, 1) or '1type' as a synonym of type is deprecated; in a future version of numpy, it will be understood as (type, (1,)) / '(1,)type'.
  _np_quint16 = np.dtype([("quint16", np.uint16, 1)])
/home/bcc/caiofcas/.local/lib/python3.7/site-packages/tensorboard/compat/tensorflow_stub/dtypes.py:545: FutureWarning: Passing (type, 1) or '1type' as a synonym of type is deprecated; in a future version of numpy, it will be understood as (type, (1,)) / '(1,)type'.
  _np_qint32 = np.dtype([("qint32", np.int32, 1)])
/home/bcc/caiofcas/.local/lib/python3.7/site-packages/tensorboard/compat/tensorflow_stub/dtypes.py:550: FutureWarning: Passing (type, 1) or '1type' as a synonym of type is deprecated; in a future version of numpy, it will be understood as (type, (1,)) / '(1,)type'.
  np_resource = np.dtype([("resource", np.ubyte, 1)])
/home/bcc/caiofcas/.local/lib/python3.7/site-packages/scipy/optimize/linesearch.py:327: LineSearchWarning: The line search algorithm did not converge
  warn('The line search algorithm did not converge', LineSearchWarning)
/home/bcc/caiofcas/.local/lib/python3.7/site-packages/sklearn/utils/optimize.py:195: UserWarning: Line Search failed
  warnings.warn('Line Search failed')
/home/bcc/caiofcas/.local/lib/python3.7/site-packages/scipy/optimize/linesearch.py:327: LineSearchWarning: The line search algorithm did not converge
  warn('The line search algorithm did not converge', LineSearchWarning)
/home/bcc/caiofcas/.local/lib/python3.7/site-packages/sklearn/utils/optimize.py:195: UserWarning: Line Search failed
  warnings.warn('Line Search failed')
/home/bcc/caiofcas/.local/lib/python3.7/site-packages/scipy/optimize/linesearch.py:327: LineSearchWarning: The line search algorithm did not converge
  warn('The line search algorithm did not converge', LineSearchWarning)
/home/bcc/caiofcas/.local/lib/python3.7/site-packages/sklearn/utils/optimize.py:195: UserWarning: Line Search failed
  warnings.warn('Line Search failed')
/home/bcc/caiofcas/.local/lib/python3.7/site-packages/scipy/optimize/linesearch.py:327: LineSearchWarning: The line search algorithm did not converge
  warn('The line search algorithm did not converge', LineSearchWarning)
/home/bcc/caiofcas/.local/lib/python3.7/site-packages/sklearn/utils/optimize.py:195: UserWarning: Line Search failed
  warnings.warn('Line Search failed')
/home/bcc/caiofcas/.local/lib/python3.7/site-packages/scipy/optimize/linesearch.py:327: LineSearchWarning: The line search algorithm did not converge
  warn('The line search algorithm did not converge', LineSearchWarning)
/home/bcc/caiofcas/.local/lib/python3.7/site-packages/sklearn/utils/optimize.py:195: UserWarning: Line Search failed
  warnings.warn('Line Search failed')
/home/bcc/caiofcas/.local/lib/python3.7/site-packages/sklearn/linear_model/_logistic.py:765: ConvergenceWarning: lbfgs failed to converge (status=1):
STOP: TOTAL NO. of ITERATIONS REACHED LIMIT.

Increase the number of iterations (max_iter) or scale the data as shown in:
    https://scikit-learn.org/stable/modules/preprocessing.html
Please also refer to the documentation for alternative solver options:
    https://scikit-learn.org/stable/modules/linear_model.html#logistic-regression
  extra_warning_msg=_LOGISTIC_SOLVER_CONVERGENCE_MSG)
/home/bcc/caiofcas/.local/lib/python3.7/site-packages/scipy/optimize/linesearch.py:327: LineSearchWarning: The line search algorithm did not converge
  warn('The line search algorithm did not converge', LineSearchWarning)
/home/bcc/caiofcas/.local/lib/python3.7/site-packages/sklearn/utils/optimize.py:195: UserWarning: Line Search failed
  warnings.warn('Line Search failed')
/home/bcc/caiofcas/.local/lib/python3.7/site-packages/scipy/optimize/linesearch.py:327: LineSearchWarning: The line search algorithm did not converge
  warn('The line search algorithm did not converge', LineSearchWarning)
/home/bcc/caiofcas/.local/lib/python3.7/site-packages/sklearn/utils/optimize.py:195: UserWarning: Line Search failed
  warnings.warn('Line Search failed')
/home/bcc/caiofcas/.local/lib/python3.7/site-packages/scipy/optimize/linesearch.py:327: LineSearchWarning: The line search algorithm did not converge
  warn('The line search algorithm did not converge', LineSearchWarning)
/home/bcc/caiofcas/.local/lib/python3.7/site-packages/sklearn/utils/optimize.py:195: UserWarning: Line Search failed
  warnings.warn('Line Search failed')
/home/bcc/caiofcas/.local/lib/python3.7/site-packages/scipy/optimize/linesearch.py:327: LineSearchWarning: The line search algorithm did not converge
  warn('The line search algorithm did not converge', LineSearchWarning)
/home/bcc/caiofcas/.local/lib/python3.7/site-packages/sklearn/utils/optimize.py:195: UserWarning: Line Search failed
  warnings.warn('Line Search failed')
/home/bcc/caiofcas/.local/lib/python3.7/site-packages/scipy/optimize/linesearch.py:327: LineSearchWarning: The line search algorithm did not converge
  warn('The line search algorithm did not converge', LineSearchWarning)
/home/bcc/caiofcas/.local/lib/python3.7/site-packages/sklearn/utils/optimize.py:195: UserWarning: Line Search failed
  warnings.warn('Line Search failed')
/home/bcc/caiofcas/.local/lib/python3.7/site-packages/scipy/optimize/linesearch.py:327: LineSearchWarning: The line search algorithm did not converge
  warn('The line search algorithm did not converge', LineSearchWarning)
/home/bcc/caiofcas/.local/lib/python3.7/site-packages/sklearn/utils/optimize.py:195: UserWarning: Line Search failed
  warnings.warn('Line Search failed')
/home/bcc/caiofcas/.local/lib/python3.7/site-packages/sklearn/linear_model/_logistic.py:765: ConvergenceWarning: lbfgs failed to converge (status=1):
STOP: TOTAL NO. of ITERATIONS REACHED LIMIT.

Increase the number of iterations (max_iter) or scale the data as shown in:
    https://scikit-learn.org/stable/modules/preprocessing.html
Please also refer to the documentation for alternative solver options:
    https://scikit-learn.org/stable/modules/linear_model.html#logistic-regression
  extra_warning_msg=_LOGISTIC_SOLVER_CONVERGENCE_MSG)
/home/bcc/caiofcas/.local/lib/python3.7/site-packages/scipy/optimize/linesearch.py:327: LineSearchWarning: The line search algorithm did not converge
  warn('The line search algorithm did not converge', LineSearchWarning)
/home/bcc/caiofcas/.local/lib/python3.7/site-packages/sklearn/utils/optimize.py:195: UserWarning: Line Search failed
  warnings.warn('Line Search failed')
/home/bcc/caiofcas/.local/lib/python3.7/site-packages/sklearn/linear_model/_logistic.py:765: ConvergenceWarning: lbfgs failed to converge (status=1):
STOP: TOTAL NO. of ITERATIONS REACHED LIMIT.

Increase the number of iterations (max_iter) or scale the data as shown in:
    https://scikit-learn.org/stable/modules/preprocessing.html
Please also refer to the documentation for alternative solver options:
    https://scikit-learn.org/stable/modules/linear_model.html#logistic-regression
  extra_warning_msg=_LOGISTIC_SOLVER_CONVERGENCE_MSG)
/home/bcc/caiofcas/.local/lib/python3.7/site-packages/scipy/optimize/linesearch.py:327: LineSearchWarning: The line search algorithm did not converge
  warn('The line search algorithm did not converge', LineSearchWarning)
/home/bcc/caiofcas/.local/lib/python3.7/site-packages/sklearn/utils/optimize.py:195: UserWarning: Line Search failed
  warnings.warn('Line Search failed')
/home/bcc/caiofcas/.local/lib/python3.7/site-packages/scipy/optimize/linesearch.py:327: LineSearchWarning: The line search algorithm did not converge
  warn('The line search algorithm did not converge', LineSearchWarning)
/home/bcc/caiofcas/.local/lib/python3.7/site-packages/sklearn/utils/optimize.py:195: UserWarning: Line Search failed
  warnings.warn('Line Search failed')
/home/bcc/caiofcas/.local/lib/python3.7/site-packages/scipy/optimize/linesearch.py:327: LineSearchWarning: The line search algorithm did not converge
  warn('The line search algorithm did not converge', LineSearchWarning)
/home/bcc/caiofcas/.local/lib/python3.7/site-packages/sklearn/utils/optimize.py:195: UserWarning: Line Search failed
  warnings.warn('Line Search failed')
/home/bcc/caiofcas/.local/lib/python3.7/site-packages/sklearn/linear_model/_logistic.py:765: ConvergenceWarning: lbfgs failed to converge (status=1):
STOP: TOTAL NO. of ITERATIONS REACHED LIMIT.

Increase the number of iterations (max_iter) or scale the data as shown in:
    https://scikit-learn.org/stable/modules/preprocessing.html
Please also refer to the documentation for alternative solver options:
    https://scikit-learn.org/stable/modules/linear_model.html#logistic-regression
  extra_warning_msg=_LOGISTIC_SOLVER_CONVERGENCE_MSG)
/home/bcc/caiofcas/.local/lib/python3.7/site-packages/scipy/optimize/linesearch.py:327: LineSearchWarning: The line search algorithm did not converge
  warn('The line search algorithm did not converge', LineSearchWarning)
/home/bcc/caiofcas/.local/lib/python3.7/site-packages/sklearn/utils/optimize.py:195: UserWarning: Line Search failed
  warnings.warn('Line Search failed')
/home/bcc/caiofcas/.local/lib/python3.7/site-packages/scipy/optimize/linesearch.py:327: LineSearchWarning: The line search algorithm did not converge
  warn('The line search algorithm did not converge', LineSearchWarning)
/home/bcc/caiofcas/.local/lib/python3.7/site-packages/sklearn/utils/optimize.py:195: UserWarning: Line Search failed
  warnings.warn('Line Search failed')
/home/bcc/caiofcas/.local/lib/python3.7/site-packages/sklearn/linear_model/_logistic.py:765: ConvergenceWarning: lbfgs failed to converge (status=1):
STOP: TOTAL NO. of ITERATIONS REACHED LIMIT.

Increase the number of iterations (max_iter) or scale the data as shown in:
    https://scikit-learn.org/stable/modules/preprocessing.html
Please also refer to the documentation for alternative solver options:
    https://scikit-learn.org/stable/modules/linear_model.html#logistic-regression
  extra_warning_msg=_LOGISTIC_SOLVER_CONVERGENCE_MSG)
/home/bcc/caiofcas/.local/lib/python3.7/site-packages/scipy/optimize/linesearch.py:327: LineSearchWarning: The line search algorithm did not converge
  warn('The line search algorithm did not converge', LineSearchWarning)
/home/bcc/caiofcas/.local/lib/python3.7/site-packages/sklearn/utils/optimize.py:195: UserWarning: Line Search failed
  warnings.warn('Line Search failed')
/home/bcc/caiofcas/.local/lib/python3.7/site-packages/scipy/optimize/linesearch.py:327: LineSearchWarning: The line search algorithm did not converge
  warn('The line search algorithm did not converge', LineSearchWarning)
/home/bcc/caiofcas/.local/lib/python3.7/site-packages/sklearn/utils/optimize.py:195: UserWarning: Line Search failed
  warnings.warn('Line Search failed')
/home/bcc/caiofcas/.local/lib/python3.7/site-packages/scipy/optimize/linesearch.py:327: LineSearchWarning: The line search algorithm did not converge
  warn('The line search algorithm did not converge', LineSearchWarning)
/home/bcc/caiofcas/.local/lib/python3.7/site-packages/sklearn/utils/optimize.py:195: UserWarning: Line Search failed
  warnings.warn('Line Search failed')
/home/bcc/caiofcas/.local/lib/python3.7/site-packages/scipy/optimize/linesearch.py:327: LineSearchWarning: The line search algorithm did not converge
  warn('The line search algorithm did not converge', LineSearchWarning)
/home/bcc/caiofcas/.local/lib/python3.7/site-packages/sklearn/utils/optimize.py:195: UserWarning: Line Search failed
  warnings.warn('Line Search failed')
/home/bcc/caiofcas/.local/lib/python3.7/site-packages/scipy/optimize/linesearch.py:327: LineSearchWarning: The line search algorithm did not converge
  warn('The line search algorithm did not converge', LineSearchWarning)
/home/bcc/caiofcas/.local/lib/python3.7/site-packages/sklearn/utils/optimize.py:195: UserWarning: Line Search failed
  warnings.warn('Line Search failed')
/home/bcc/caiofcas/.local/lib/python3.7/site-packages/scipy/optimize/linesearch.py:327: LineSearchWarning: The line search algorithm did not converge
  warn('The line search algorithm did not converge', LineSearchWarning)
/home/bcc/caiofcas/.local/lib/python3.7/site-packages/sklearn/utils/optimize.py:195: UserWarning: Line Search failed
  warnings.warn('Line Search failed')
/home/bcc/caiofcas/.local/lib/python3.7/site-packages/scipy/optimize/linesearch.py:327: LineSearchWarning: The line search algorithm did not converge
  warn('The line search algorithm did not converge', LineSearchWarning)
/home/bcc/caiofcas/.local/lib/python3.7/site-packages/sklearn/utils/optimize.py:195: UserWarning: Line Search failed
  warnings.warn('Line Search failed')
/home/bcc/caiofcas/.local/lib/python3.7/site-packages/scipy/optimize/linesearch.py:327: LineSearchWarning: The line search algorithm did not converge
  warn('The line search algorithm did not converge', LineSearchWarning)
/home/bcc/caiofcas/.local/lib/python3.7/site-packages/sklearn/utils/optimize.py:195: UserWarning: Line Search failed
  warnings.warn('Line Search failed')
/home/bcc/caiofcas/.local/lib/python3.7/site-packages/scipy/optimize/linesearch.py:327: LineSearchWarning: The line search algorithm did not converge
  warn('The line search algorithm did not converge', LineSearchWarning)
/home/bcc/caiofcas/.local/lib/python3.7/site-packages/sklearn/utils/optimize.py:195: UserWarning: Line Search failed
  warnings.warn('Line Search failed')
