X_train_ori: (60000, 28, 28)
X_test_ori: (10000, 28, 28)
Before reshaping:
X_train: (60000, 14, 14)
X_test: (10000, 14, 14)
y_train: (60000,)
y_test: (10000,)
After reshaping:
float32
float32

Shape of X_train:  (60000, 196)
Shape of X_test:  (10000, 196)

Minimum value in X_train: 0.0
Maximum value in X_train: 1.0

Minimum value in X_test: 0.0
Maximum value in X_test: 1.0
X_Dtrain: (42000, 196)
X_Dval: (18000, 196)
y_Dtrain: (42000,)
y_Dval: (18000,)
starting search
grid:  {'kernel': ['poly', 'rbf', 'sigmoid'], 'C': [50, 10, 1.0, 0.1, 0.01], 'gamma': ['scale']}
grid search:  GridSearchCV(cv=StratifiedKFold(n_splits=5, random_state=None, shuffle=False),
             error_score=0, estimator=SVC(), n_jobs=-1,
             param_grid={'C': [50, 10, 1.0, 0.1, 0.01], 'gamma': ['scale'],
                         'kernel': ['poly', 'rbf', 'sigmoid']},
             scoring='accuracy', verbose=3)
Fitting 5 folds for each of 15 candidates, totalling 75 fits
[CV 1/5] END .....C=50, gamma=scale, kernel=rbf;, score=0.976 total time= 5.2min
[CV 4/5] END C=1.0, gamma=scale, kernel=sigmoid;, score=0.760 total time= 8.7min
[CV 2/5] END .....C=10, gamma=scale, kernel=rbf;, score=0.975 total time= 5.3min
[CV 5/5] END C=1.0, gamma=scale, kernel=sigmoid;, score=0.754 total time= 9.3min
[CV 1/5] END ...C=1.0, gamma=scale, kernel=poly;, score=0.969 total time= 5.5min
[CV 1/5] END ...C=0.1, gamma=scale, kernel=poly;, score=0.938 total time=12.0min
[CV 5/5] END .....C=10, gamma=scale, kernel=rbf;, score=0.975 total time= 6.0min
[CV 3/5] END ...C=0.1, gamma=scale, kernel=poly;, score=0.937 total time=12.8min
[CV 3/5] END .....C=50, gamma=scale, kernel=rbf;, score=0.976 total time= 6.1min
[CV 5/5] END ...C=0.1, gamma=scale, kernel=poly;, score=0.934 total time=12.8min
[CV 2/5] END .....C=50, gamma=scale, kernel=rbf;, score=0.975 total time= 6.0min
[CV 4/5] END ...C=0.1, gamma=scale, kernel=poly;, score=0.938 total time=12.9min
[CV 4/5] END .....C=10, gamma=scale, kernel=rbf;, score=0.973 total time= 5.9min
[CV 2/5] END ...C=0.1, gamma=scale, kernel=poly;, score=0.938 total time=13.2min
[CV 1/5] END .C=10, gamma=scale, kernel=sigmoid;, score=0.738 total time= 7.4min
[CV 5/5] END C=0.1, gamma=scale, kernel=sigmoid;, score=0.837 total time=11.8min
[CV 3/5] END .....C=10, gamma=scale, kernel=rbf;, score=0.978 total time= 6.1min
[CV 3/5] END ....C=0.1, gamma=scale, kernel=rbf;, score=0.941 total time=13.4min
[CV 1/5] END .....C=10, gamma=scale, kernel=rbf;, score=0.977 total time= 6.1min
[CV 2/5] END ....C=0.1, gamma=scale, kernel=rbf;, score=0.946 total time=13.5min
[CV 2/5] END ...C=1.0, gamma=scale, kernel=poly;, score=0.967 total time= 6.3min
[CV 4/5] END ....C=0.1, gamma=scale, kernel=rbf;, score=0.947 total time=13.4min
[CV 5/5] END .....C=50, gamma=scale, kernel=rbf;, score=0.974 total time= 6.1min
[CV 1/5] END ....C=0.1, gamma=scale, kernel=rbf;, score=0.946 total time=13.6min
[CV 2/5] END .C=10, gamma=scale, kernel=sigmoid;, score=0.747 total time= 6.8min
[CV 5/5] END ....C=0.1, gamma=scale, kernel=rbf;, score=0.943 total time=13.3min
[CV 1/5] END .C=50, gamma=scale, kernel=sigmoid;, score=0.736 total time= 7.3min
[CV 4/5] END C=0.1, gamma=scale, kernel=sigmoid;, score=0.844 total time=13.3min
[CV 3/5] END .C=10, gamma=scale, kernel=sigmoid;, score=0.741 total time= 7.2min
[CV 3/5] END C=0.1, gamma=scale, kernel=sigmoid;, score=0.835 total time=13.8min
[CV 4/5] END .C=10, gamma=scale, kernel=sigmoid;, score=0.740 total time= 7.2min
[CV 2/5] END C=0.1, gamma=scale, kernel=sigmoid;, score=0.846 total time=14.0min
[CV 2/5] END .C=50, gamma=scale, kernel=sigmoid;, score=0.743 total time= 7.2min
[CV 1/5] END C=0.1, gamma=scale, kernel=sigmoid;, score=0.837 total time=14.0min
[CV 5/5] END ....C=10, gamma=scale, kernel=poly;, score=0.968 total time= 4.0min
[CV 3/5] END ...C=1.0, gamma=scale, kernel=poly;, score=0.965 total time= 6.1min
[CV 3/5] END ...C=0.01, gamma=scale, kernel=rbf;, score=0.890 total time=12.5min
[CV 3/5] END .C=50, gamma=scale, kernel=sigmoid;, score=0.738 total time= 7.5min
[CV 4/5] END ..C=0.01, gamma=scale, kernel=poly;, score=0.852 total time=15.5min
[CV 2/5] END ....C=10, gamma=scale, kernel=poly;, score=0.970 total time= 4.6min
[CV 1/5] END C=1.0, gamma=scale, kernel=sigmoid;, score=0.761 total time= 9.0min
[CV 5/5] END C=0.01, gamma=scale, kernel=sigmoid;, score=0.836 total time=11.2min
Best: 0.975524 using {'C': 10, 'gamma': 'scale', 'kernel': 'rbf'}
[CV 2/5] END ....C=50, gamma=scale, kernel=poly;, score=0.968 total time= 4.4min
[CV 2/5] END ....C=1.0, gamma=scale, kernel=rbf;, score=0.971 total time= 5.8min
[CV 4/5] END ...C=0.01, gamma=scale, kernel=rbf;, score=0.897 total time=16.5min
[CV 4/5] END .C=50, gamma=scale, kernel=sigmoid;, score=0.738 total time= 7.4min
[CV 1/5] END ..C=0.01, gamma=scale, kernel=poly;, score=0.835 total time=19.6min
[CV 5/5] END .C=50, gamma=scale, kernel=sigmoid;, score=0.732 total time= 7.4min
[CV 2/5] END ..C=0.01, gamma=scale, kernel=poly;, score=0.839 total time=19.6min
[CV 5/5] END .C=10, gamma=scale, kernel=sigmoid;, score=0.738 total time= 7.5min
[CV 3/5] END ..C=0.01, gamma=scale, kernel=poly;, score=0.843 total time=19.7min
[CV 3/5] END ....C=10, gamma=scale, kernel=poly;, score=0.969 total time= 4.3min
[CV 5/5] END ...C=1.0, gamma=scale, kernel=poly;, score=0.964 total time= 4.5min
[CV 5/5] END ..C=0.01, gamma=scale, kernel=poly;, score=0.836 total time=18.5min
[CV 3/5] END ....C=50, gamma=scale, kernel=poly;, score=0.966 total time= 4.4min
[CV 3/5] END ....C=1.0, gamma=scale, kernel=rbf;, score=0.970 total time= 6.8min
[CV 2/5] END C=0.01, gamma=scale, kernel=sigmoid;, score=0.844 total time=17.4min
[CV 4/5] END ....C=10, gamma=scale, kernel=poly;, score=0.967 total time= 4.6min
[CV 2/5] END C=1.0, gamma=scale, kernel=sigmoid;, score=0.767 total time= 7.8min
[CV 4/5] END C=0.01, gamma=scale, kernel=sigmoid;, score=0.849 total time=16.6min
[CV 1/5] END ....C=10, gamma=scale, kernel=poly;, score=0.969 total time= 4.5min
[CV 4/5] END ....C=1.0, gamma=scale, kernel=rbf;, score=0.966 total time= 6.7min
[CV 1/5] END C=0.01, gamma=scale, kernel=sigmoid;, score=0.841 total time=17.9min
[CV 4/5] END ....C=50, gamma=scale, kernel=poly;, score=0.967 total time= 4.5min
[CV 5/5] END ....C=1.0, gamma=scale, kernel=rbf;, score=0.968 total time= 4.8min
[CV 1/5] END ...C=0.01, gamma=scale, kernel=rbf;, score=0.889 total time=19.7min
[CV 5/5] END ....C=50, gamma=scale, kernel=poly;, score=0.966 total time= 4.2min
[CV 4/5] END ...C=1.0, gamma=scale, kernel=poly;, score=0.964 total time= 5.9min
[CV 2/5] END ...C=0.01, gamma=scale, kernel=rbf;, score=0.894 total time=19.1min
[CV 4/5] END .....C=50, gamma=scale, kernel=rbf;, score=0.973 total time= 5.1min
[CV 3/5] END C=1.0, gamma=scale, kernel=sigmoid;, score=0.761 total time= 6.6min
[CV 3/5] END C=0.01, gamma=scale, kernel=sigmoid;, score=0.835 total time=17.5min
[CV 1/5] END ....C=50, gamma=scale, kernel=poly;, score=0.966 total time= 4.4min
[CV 1/5] END ....C=1.0, gamma=scale, kernel=rbf;, score=0.972 total time= 6.8min
[CV 5/5] END ...C=0.01, gamma=scale, kernel=rbf;, score=0.885 total time=18.1min
